<?xml version="1.0" encoding="UTF-8"?>
<testsuite xmlns:xsi="http://www.w3.org/2001/XMLSchema-instance" xsi:noNamespaceSchemaLocation="https://maven.apache.org/surefire/maven-surefire-plugin/xsd/surefire-test-report.xsd" name="karate.KarateTestScriptsSample.TestRunner" time="16" tests="4" errors="0" skipped="0" failures="0">
  <properties>
[...]
</properties>
  <testcase name="tagsTest[1][1]" classname="karate.KarateTestScriptsSample.TestRunner" time="2.781"/>
  <testcase name="tagsTest[1][2]" classname="karate.KarateTestScriptsSample.TestRunner" time="1.504"/>
  <testcase name="tagsTest[1][3]" classname="karate.KarateTestScriptsSample.TestRunner" time="1.46"/>
  <testcase name="tagsTest[1][4]" classname="karate.KarateTestScriptsSample.TestRunner" time="4.94"/>
</testsuite>